<?xml version="1.0" encoding="UTF-8"?>
<!DOCTYPE coverage SYSTEM "http://cobertura.sourceforge.net/xml/coverage-04.dtd">
<coverage line-rate="0.8159509202454" branch-rate="0" lines-covered="266" lines-valid="326" branches-covered="0" branches-valid="0" complexity="140" version="0.4" timestamp="1707344972">
  <sources>
    <source>/app/src</source>
  </sources>
  <packages>
    <package name="Http/Controllers/AuthenticatedSessionController.php" line-rate="0.34782608695652" branch-rate="0" complexity="43">
      <classes>
        <class name="Playground\Login\Blade\Http\Controllers\AuthenticatedSessionController" filename="Http/Controllers/AuthenticatedSessionController.php" line-rate="0.34782608695652" branch-rate="0" complexity="43">
          <methods>
            <method name="create" signature="" line-rate="1" branch-rate="0" complexity="1">
              <lines>
                <line number="29" hits="1"/>
                <line number="31" hits="1"/>
                <line number="32" hits="1"/>
                <line number="33" hits="1"/>
                <line number="34" hits="1"/>
                <line number="35" hits="1"/>
                <line number="36" hits="1"/>
                <line number="37" hits="1"/>
                <line number="38" hits="1"/>
              </lines>
            </method>
            <method name="privileges" signature="Illuminate\Foundation\Auth\User $user" line-rate="0" branch-rate="0" complexity="28">
              <lines>
                <line number="59" hits="0"/>
                <line number="61" hits="0"/>
                <line number="63" hits="0"/>
                <line number="64" hits="0"/>
                <line number="66" hits="0"/>
                <line number="71" hits="0"/>
                <line number="73" hits="0"/>
                <line number="74" hits="0"/>
                <line number="75" hits="0"/>
                <line number="76" hits="0"/>
                <line number="80" hits="0"/>
                <line number="81" hits="0"/>
                <line number="82" hits="0"/>
                <line number="83" hits="0"/>
                <line number="84" hits="0"/>
                <line number="88" hits="0"/>
                <line number="89" hits="0"/>
                <line number="90" hits="0"/>
                <line number="91" hits="0"/>
                <line number="92" hits="0"/>
                <line number="94" hits="0"/>
                <line number="96" hits="0"/>
                <line number="100" hits="0"/>
                <line number="101" hits="0"/>
                <line number="102" hits="0"/>
                <line number="103" hits="0"/>
                <line number="104" hits="0"/>
                <line number="106" hits="0"/>
                <line number="108" hits="0"/>
                <line number="113" hits="0"/>
                <line number="114" hits="0"/>
                <line number="115" hits="0"/>
                <line number="116" hits="0"/>
                <line number="118" hits="0"/>
                <line number="120" hits="0"/>
                <line number="126" hits="0"/>
              </lines>
            </method>
            <method name="issue" signature="Illuminate\Foundation\Auth\User $user" line-rate="0" branch-rate="0" complexity="1">
              <lines>
                <line number="138" hits="0"/>
                <line number="143" hits="0"/>
                <line number="145" hits="0"/>
                <line number="150" hits="0"/>
                <line number="154" hits="0"/>
                <line number="155" hits="0"/>
                <line number="156" hits="0"/>
                <line number="157" hits="0"/>
                <line number="159" hits="0"/>
              </lines>
            </method>
            <method name="store" signature="Playground\Login\Blade\Http\Requests\LoginRequest $request" line-rate="0.73333333333333" branch-rate="0" complexity="5">
              <lines>
                <line number="169" hits="4"/>
                <line number="171" hits="2"/>
                <line number="173" hits="2"/>
                <line number="174" hits="2"/>
                <line number="175" hits="2"/>
                <line number="176" hits="2"/>
                <line number="178" hits="2"/>
                <line number="182" hits="0"/>
                <line number="183" hits="0"/>
                <line number="184" hits="0"/>
                <line number="188" hits="2"/>
                <line number="189" hits="2"/>
                <line number="192" hits="2"/>
                <line number="193" hits="0"/>
                <line number="196" hits="2"/>
              </lines>
            </method>
            <method name="destroy" signature="Illuminate\Http\Request $request" line-rate="0.38888888888889" branch-rate="0" complexity="7">
              <lines>
                <line number="207" hits="3"/>
                <line number="209" hits="3"/>
                <line number="213" hits="0"/>
                <line number="215" hits="0"/>
                <line number="216" hits="0"/>
                <line number="217" hits="0"/>
                <line number="222" hits="0"/>
                <line number="223" hits="0"/>
                <line number="224" hits="0"/>
                <line number="230" hits="3"/>
                <line number="232" hits="3"/>
                <line number="234" hits="3"/>
                <line number="236" hits="3"/>
                <line number="237" hits="0"/>
                <line number="238" hits="0"/>
                <line number="239" hits="0"/>
                <line number="240" hits="0"/>
                <line number="243" hits="3"/>
              </lines>
            </method>
            <method name="token" signature="Illuminate\Http\Request $request" line-rate="1" branch-rate="0" complexity="1">
              <lines>
                <line number="251" hits="1"/>
                <line number="252" hits="1"/>
                <line number="253" hits="1"/>
                <line number="254" hits="1"/>
                <line number="255" hits="1"/>
              </lines>
            </method>
          </methods>
          <lines>
            <line number="29" hits="1"/>
            <line number="31" hits="1"/>
            <line number="32" hits="1"/>
            <line number="33" hits="1"/>
            <line number="34" hits="1"/>
            <line number="35" hits="1"/>
            <line number="36" hits="1"/>
            <line number="37" hits="1"/>
            <line number="38" hits="1"/>
            <line number="59" hits="0"/>
            <line number="61" hits="0"/>
            <line number="63" hits="0"/>
            <line number="64" hits="0"/>
            <line number="66" hits="0"/>
            <line number="71" hits="0"/>
            <line number="73" hits="0"/>
            <line number="74" hits="0"/>
            <line number="75" hits="0"/>
            <line number="76" hits="0"/>
            <line number="80" hits="0"/>
            <line number="81" hits="0"/>
            <line number="82" hits="0"/>
            <line number="83" hits="0"/>
            <line number="84" hits="0"/>
            <line number="88" hits="0"/>
            <line number="89" hits="0"/>
            <line number="90" hits="0"/>
            <line number="91" hits="0"/>
            <line number="92" hits="0"/>
            <line number="94" hits="0"/>
            <line number="96" hits="0"/>
            <line number="100" hits="0"/>
            <line number="101" hits="0"/>
            <line number="102" hits="0"/>
            <line number="103" hits="0"/>
            <line number="104" hits="0"/>
            <line number="106" hits="0"/>
            <line number="108" hits="0"/>
            <line number="113" hits="0"/>
            <line number="114" hits="0"/>
            <line number="115" hits="0"/>
            <line number="116" hits="0"/>
            <line number="118" hits="0"/>
            <line number="120" hits="0"/>
            <line number="126" hits="0"/>
            <line number="138" hits="0"/>
            <line number="143" hits="0"/>
            <line number="145" hits="0"/>
            <line number="150" hits="0"/>
            <line number="154" hits="0"/>
            <line number="155" hits="0"/>
            <line number="156" hits="0"/>
            <line number="157" hits="0"/>
            <line number="159" hits="0"/>
            <line number="169" hits="4"/>
            <line number="171" hits="2"/>
            <line number="173" hits="2"/>
            <line number="174" hits="2"/>
            <line number="175" hits="2"/>
            <line number="176" hits="2"/>
            <line number="178" hits="2"/>
            <line number="182" hits="0"/>
            <line number="183" hits="0"/>
            <line number="184" hits="0"/>
            <line number="188" hits="2"/>
            <line number="189" hits="2"/>
            <line number="192" hits="2"/>
            <line number="193" hits="0"/>
            <line number="196" hits="2"/>
            <line number="207" hits="3"/>
            <line number="209" hits="3"/>
            <line number="213" hits="0"/>
            <line number="215" hits="0"/>
            <line number="216" hits="0"/>
            <line number="217" hits="0"/>
            <line number="222" hits="0"/>
            <line number="223" hits="0"/>
            <line number="224" hits="0"/>
            <line number="230" hits="3"/>
            <line number="232" hits="3"/>
            <line number="234" hits="3"/>
            <line number="236" hits="3"/>
            <line number="237" hits="0"/>
            <line number="238" hits="0"/>
            <line number="239" hits="0"/>
            <line number="240" hits="0"/>
            <line number="243" hits="3"/>
            <line number="251" hits="1"/>
            <line number="252" hits="1"/>
            <line number="253" hits="1"/>
            <line number="254" hits="1"/>
            <line number="255" hits="1"/>
          </lines>
        </class>
      </classes>
    </package>
    <package name="Http/Controllers/ConfirmablePasswordController.php" line-rate="1" branch-rate="0" complexity="3">
      <classes>
        <class name="Playground\Login\Blade\Http\Controllers\ConfirmablePasswordController" filename="Http/Controllers/ConfirmablePasswordController.php" line-rate="1" branch-rate="0" complexity="3">
          <methods>
            <method name="show" signature="" line-rate="1" branch-rate="0" complexity="1">
              <lines>
                <line number="26" hits="1"/>
                <line number="28" hits="1"/>
                <line number="29" hits="1"/>
                <line number="30" hits="1"/>
                <line number="31" hits="1"/>
                <line number="32" hits="1"/>
                <line number="33" hits="1"/>
              </lines>
            </method>
            <method name="store" signature="Illuminate\Http\Request $request" line-rate="1" branch-rate="0" complexity="2">
              <lines>
                <line number="43" hits="2"/>
                <line number="44" hits="2"/>
                <line number="45" hits="2"/>
                <line number="46" hits="2"/>
                <line number="47" hits="1"/>
                <line number="48" hits="1"/>
                <line number="49" hits="1"/>
                <line number="52" hits="1"/>
                <line number="54" hits="1"/>
              </lines>
            </method>
          </methods>
          <lines>
            <line number="26" hits="1"/>
            <line number="28" hits="1"/>
            <line number="29" hits="1"/>
            <line number="30" hits="1"/>
            <line number="31" hits="1"/>
            <line number="32" hits="1"/>
            <line number="33" hits="1"/>
            <line number="43" hits="2"/>
            <line number="44" hits="2"/>
            <line number="45" hits="2"/>
            <line number="46" hits="2"/>
            <line number="47" hits="1"/>
            <line number="48" hits="1"/>
            <line number="49" hits="1"/>
            <line number="52" hits="1"/>
            <line number="54" hits="1"/>
          </lines>
        </class>
      </classes>
    </package>
    <package name="Http/Controllers/Controller.php" line-rate="1" branch-rate="0" complexity="7">
      <classes>
        <class name="Playground\Login\Blade\Http\Controllers\Controller" filename="Http/Controllers/Controller.php" line-rate="1" branch-rate="0" complexity="7">
          <methods>
            <method name="getRedirectUrl" signature="" line-rate="1" branch-rate="0" complexity="2">
              <lines>
                <line number="26" hits="8"/>
                <line number="28" hits="8"/>
              </lines>
            </method>
            <method name="getPackageViewPathFromConfig" signature="mixed $config, string $view" line-rate="1" branch-rate="0" complexity="5">
              <lines>
                <line number="33" hits="6"/>
                <line number="34" hits="6"/>
                <line number="35" hits="6"/>
                <line number="36" hits="6"/>
                <line number="37" hits="6"/>
                <line number="39" hits="6"/>
                <line number="42" hits="6"/>
              </lines>
            </method>
          </methods>
          <lines>
            <line number="26" hits="8"/>
            <line number="28" hits="8"/>
            <line number="33" hits="6"/>
            <line number="34" hits="6"/>
            <line number="35" hits="6"/>
            <line number="36" hits="6"/>
            <line number="37" hits="6"/>
            <line number="39" hits="6"/>
            <line number="42" hits="6"/>
          </lines>
        </class>
      </classes>
    </package>
    <package name="Http/Controllers/EmailVerificationController.php" line-rate="1" branch-rate="0" complexity="7">
      <classes>
        <class name="Playground\Login\Blade\Http\Controllers\EmailVerificationController" filename="Http/Controllers/EmailVerificationController.php" line-rate="1" branch-rate="0" complexity="7">
          <methods>
            <method name="show" signature="Illuminate\Http\Request $request" line-rate="1" branch-rate="0" complexity="2">
              <lines>
                <line number="30" hits="2"/>
                <line number="32" hits="2"/>
                <line number="33" hits="1"/>
                <line number="36" hits="1"/>
                <line number="38" hits="1"/>
                <line number="39" hits="1"/>
                <line number="40" hits="1"/>
                <line number="41" hits="1"/>
                <line number="42" hits="1"/>
                <line number="43" hits="1"/>
              </lines>
            </method>
            <method name="send" signature="Illuminate\Http\Request $request" line-rate="1" branch-rate="0" complexity="2">
              <lines>
                <line number="56" hits="2"/>
                <line number="58" hits="2"/>
                <line number="59" hits="1"/>
                <line number="62" hits="1"/>
                <line number="64" hits="1"/>
              </lines>
            </method>
            <method name="verify" signature="Playground\Login\Blade\Http\Requests\EmailVerificationRequest $request" line-rate="1" branch-rate="0" complexity="3">
              <lines>
                <line number="78" hits="2"/>
                <line number="80" hits="2"/>
                <line number="81" hits="1"/>
                <line number="84" hits="1"/>
                <line number="85" hits="1"/>
                <line number="88" hits="1"/>
              </lines>
            </method>
          </methods>
          <lines>
            <line number="30" hits="2"/>
            <line number="32" hits="2"/>
            <line number="33" hits="1"/>
            <line number="36" hits="1"/>
            <line number="38" hits="1"/>
            <line number="39" hits="1"/>
            <line number="40" hits="1"/>
            <line number="41" hits="1"/>
            <line number="42" hits="1"/>
            <line number="43" hits="1"/>
            <line number="56" hits="2"/>
            <line number="58" hits="2"/>
            <line number="59" hits="1"/>
            <line number="62" hits="1"/>
            <line number="64" hits="1"/>
            <line number="78" hits="2"/>
            <line number="80" hits="2"/>
            <line number="81" hits="1"/>
            <line number="84" hits="1"/>
            <line number="85" hits="1"/>
            <line number="88" hits="1"/>
          </lines>
        </class>
      </classes>
    </package>
    <package name="Http/Controllers/NewPasswordController.php" line-rate="1" branch-rate="0" complexity="5">
      <classes>
        <class name="Playground\Login\Blade\Http\Controllers\NewPasswordController" filename="Http/Controllers/NewPasswordController.php" line-rate="1" branch-rate="0" complexity="5">
          <methods>
            <method name="create" signature="Playground\Login\Blade\Http\Requests\NewPasswordRequest $request" line-rate="1" branch-rate="0" complexity="1">
              <lines>
                <line number="35" hits="1"/>
                <line number="37" hits="1"/>
                <line number="39" hits="1"/>
                <line number="40" hits="1"/>
                <line number="41" hits="1"/>
                <line number="42" hits="1"/>
                <line number="43" hits="1"/>
                <line number="44" hits="1"/>
                <line number="45" hits="1"/>
              </lines>
            </method>
            <method name="store" signature="Playground\Login\Blade\Http\Requests\StoreNewPasswordRequest $request" line-rate="1" branch-rate="0" complexity="4">
              <lines>
                <line number="60" hits="2"/>
                <line number="62" hits="2"/>
                <line number="76" hits="2"/>
                <line number="77" hits="2"/>
                <line number="78" hits="2"/>
                <line number="79" hits="1"/>
                <line number="80" hits="1"/>
                <line number="81" hits="1"/>
                <line number="82" hits="1"/>
                <line number="84" hits="1"/>
                <line number="85" hits="2"/>
                <line number="86" hits="2"/>
                <line number="91" hits="2"/>
                <line number="92" hits="1"/>
                <line number="95" hits="1"/>
                <line number="96" hits="1"/>
                <line number="97" hits="1"/>
              </lines>
            </method>
          </methods>
          <lines>
            <line number="35" hits="1"/>
            <line number="37" hits="1"/>
            <line number="39" hits="1"/>
            <line number="40" hits="1"/>
            <line number="41" hits="1"/>
            <line number="42" hits="1"/>
            <line number="43" hits="1"/>
            <line number="44" hits="1"/>
            <line number="45" hits="1"/>
            <line number="60" hits="2"/>
            <line number="62" hits="2"/>
            <line number="76" hits="2"/>
            <line number="77" hits="2"/>
            <line number="78" hits="2"/>
            <line number="79" hits="1"/>
            <line number="80" hits="1"/>
            <line number="81" hits="1"/>
            <line number="82" hits="1"/>
            <line number="84" hits="1"/>
            <line number="85" hits="2"/>
            <line number="86" hits="2"/>
            <line number="91" hits="2"/>
            <line number="92" hits="1"/>
            <line number="95" hits="1"/>
            <line number="96" hits="1"/>
            <line number="97" hits="1"/>
          </lines>
        </class>
      </classes>
    </package>
    <package name="Http/Controllers/PasswordResetLinkController.php" line-rate="1" branch-rate="0" complexity="3">
      <classes>
        <class name="Playground\Login\Blade\Http\Controllers\PasswordResetLinkController" filename="Http/Controllers/PasswordResetLinkController.php" line-rate="1" branch-rate="0" complexity="3">
          <methods>
            <method name="create" signature="" line-rate="1" branch-rate="0" complexity="1">
              <lines>
                <line number="23" hits="1"/>
                <line number="25" hits="1"/>
                <line number="26" hits="1"/>
                <line number="27" hits="1"/>
                <line number="28" hits="1"/>
                <line number="29" hits="1"/>
                <line number="30" hits="1"/>
                <line number="31" hits="1"/>
              </lines>
            </method>
            <method name="store" signature="Playground\Login\Blade\Http\Requests\PasswordResetLinkRequest $request" line-rate="1" branch-rate="0" complexity="2">
              <lines>
                <line number="41" hits="5"/>
                <line number="43" hits="5"/>
                <line number="45" hits="5"/>
                <line number="46" hits="4"/>
                <line number="49" hits="1"/>
                <line number="50" hits="1"/>
                <line number="51" hits="1"/>
              </lines>
            </method>
          </methods>
          <lines>
            <line number="23" hits="1"/>
            <line number="25" hits="1"/>
            <line number="26" hits="1"/>
            <line number="27" hits="1"/>
            <line number="28" hits="1"/>
            <line number="29" hits="1"/>
            <line number="30" hits="1"/>
            <line number="31" hits="1"/>
            <line number="41" hits="5"/>
            <line number="43" hits="5"/>
            <line number="45" hits="5"/>
            <line number="46" hits="4"/>
            <line number="49" hits="1"/>
            <line number="50" hits="1"/>
            <line number="51" hits="1"/>
          </lines>
        </class>
      </classes>
    </package>
    <package name="Http/Controllers/RegisteredUserController.php" line-rate="1" branch-rate="0" complexity="3">
      <classes>
        <class name="Playground\Login\Blade\Http\Controllers\RegisteredUserController" filename="Http/Controllers/RegisteredUserController.php" line-rate="1" branch-rate="0" complexity="3">
          <methods>
            <method name="create" signature="" line-rate="1" branch-rate="0" complexity="1">
              <lines>
                <line number="26" hits="1"/>
                <line number="28" hits="1"/>
                <line number="29" hits="1"/>
                <line number="30" hits="1"/>
                <line number="31" hits="1"/>
                <line number="32" hits="1"/>
                <line number="33" hits="1"/>
              </lines>
            </method>
            <method name="store" signature="Playground\Login\Blade\Http\Requests\RegisterUserRequest $request" line-rate="1" branch-rate="0" complexity="2">
              <lines>
                <line number="48" hits="1"/>
                <line number="58" hits="1"/>
                <line number="63" hits="1"/>
                <line number="64" hits="1"/>
                <line number="65" hits="1"/>
                <line number="66" hits="1"/>
                <line number="67" hits="1"/>
                <line number="68" hits="1"/>
                <line number="69" hits="1"/>
                <line number="71" hits="1"/>
                <line number="73" hits="1"/>
                <line number="75" hits="1"/>
              </lines>
            </method>
          </methods>
          <lines>
            <line number="26" hits="1"/>
            <line number="28" hits="1"/>
            <line number="29" hits="1"/>
            <line number="30" hits="1"/>
            <line number="31" hits="1"/>
            <line number="32" hits="1"/>
            <line number="33" hits="1"/>
            <line number="48" hits="1"/>
            <line number="58" hits="1"/>
            <line number="63" hits="1"/>
            <line number="64" hits="1"/>
            <line number="65" hits="1"/>
            <line number="66" hits="1"/>
            <line number="67" hits="1"/>
            <line number="68" hits="1"/>
            <line number="69" hits="1"/>
            <line number="71" hits="1"/>
            <line number="73" hits="1"/>
            <line number="75" hits="1"/>
          </lines>
        </class>
      </classes>
    </package>
    <package name="Http/Requests/EmailVerificationRequest.php" line-rate="1" branch-rate="0" complexity="13">
      <classes>
        <class name="Playground\Login\Blade\Http\Requests\EmailVerificationRequest" filename="Http/Requests/EmailVerificationRequest.php" line-rate="1" branch-rate="0" complexity="13">
          <methods>
            <method name="authorize" signature="" line-rate="1" branch-rate="0" complexity="13">
              <lines>
                <line number="21" hits="4"/>
                <line number="23" hits="4"/>
                <line number="24" hits="4"/>
                <line number="26" hits="4"/>
                <line number="27" hits="4"/>
                <line number="29" hits="4"/>
                <line number="30" hits="4"/>
                <line number="31" hits="4"/>
                <line number="32" hits="4"/>
                <line number="33" hits="4"/>
                <line number="35" hits="1"/>
                <line number="38" hits="3"/>
                <line number="39" hits="3"/>
                <line number="40" hits="3"/>
                <line number="41" hits="3"/>
                <line number="42" hits="3"/>
                <line number="44" hits="1"/>
                <line number="47" hits="2"/>
              </lines>
            </method>
          </methods>
          <lines>
            <line number="21" hits="4"/>
            <line number="23" hits="4"/>
            <line number="24" hits="4"/>
            <line number="26" hits="4"/>
            <line number="27" hits="4"/>
            <line number="29" hits="4"/>
            <line number="30" hits="4"/>
            <line number="31" hits="4"/>
            <line number="32" hits="4"/>
            <line number="33" hits="4"/>
            <line number="35" hits="1"/>
            <line number="38" hits="3"/>
            <line number="39" hits="3"/>
            <line number="40" hits="3"/>
            <line number="41" hits="3"/>
            <line number="42" hits="3"/>
            <line number="44" hits="1"/>
            <line number="47" hits="2"/>
          </lines>
        </class>
      </classes>
    </package>
    <package name="Http/Requests/LoginRequest.php" line-rate="1" branch-rate="0" complexity="8">
      <classes>
        <class name="Playground\Login\Blade\Http\Requests\LoginRequest" filename="Http/Requests/LoginRequest.php" line-rate="1" branch-rate="0" complexity="8">
          <methods>
            <method name="authorize" signature="" line-rate="1" branch-rate="0" complexity="1">
              <lines>
                <line number="24" hits="4"/>
              </lines>
            </method>
            <method name="rules" signature="" line-rate="1" branch-rate="0" complexity="1">
              <lines>
                <line number="34" hits="4"/>
                <line number="35" hits="4"/>
                <line number="36" hits="4"/>
                <line number="37" hits="4"/>
              </lines>
            </method>
            <method name="authenticate" signature="" line-rate="1" branch-rate="0" complexity="2">
              <lines>
                <line number="48" hits="4"/>
                <line number="50" hits="4"/>
                <line number="51" hits="3"/>
                <line number="53" hits="3"/>
                <line number="54" hits="3"/>
                <line number="55" hits="3"/>
                <line number="58" hits="2"/>
              </lines>
            </method>
            <method name="ensureIsNotRateLimited" signature="" line-rate="1" branch-rate="0" complexity="2">
              <lines>
                <line number="69" hits="4"/>
                <line number="70" hits="4"/>
                <line number="73" hits="1"/>
                <line number="75" hits="1"/>
                <line number="77" hits="1"/>
                <line number="78" hits="1"/>
                <line number="79" hits="1"/>
                <line number="80" hits="1"/>
                <line number="81" hits="1"/>
                <line number="82" hits="1"/>
              </lines>
            </method>
            <method name="throttleKey" signature="" line-rate="1" branch-rate="0" complexity="2">
              <lines>
                <line number="90" hits="4"/>
                <line number="92" hits="4"/>
              </lines>
            </method>
          </methods>
          <lines>
            <line number="24" hits="4"/>
            <line number="34" hits="4"/>
            <line number="35" hits="4"/>
            <line number="36" hits="4"/>
            <line number="37" hits="4"/>
            <line number="48" hits="4"/>
            <line number="50" hits="4"/>
            <line number="51" hits="3"/>
            <line number="53" hits="3"/>
            <line number="54" hits="3"/>
            <line number="55" hits="3"/>
            <line number="58" hits="2"/>
            <line number="69" hits="4"/>
            <line number="70" hits="4"/>
            <line number="73" hits="1"/>
            <line number="75" hits="1"/>
            <line number="77" hits="1"/>
            <line number="78" hits="1"/>
            <line number="79" hits="1"/>
            <line number="80" hits="1"/>
            <line number="81" hits="1"/>
            <line number="82" hits="1"/>
            <line number="90" hits="4"/>
            <line number="92" hits="4"/>
          </lines>
        </class>
      </classes>
    </package>
    <package name="Http/Requests/NewPasswordRequest.php" line-rate="1" branch-rate="0" complexity="1">
      <classes>
        <class name="Playground\Login\Blade\Http\Requests\NewPasswordRequest" filename="Http/Requests/NewPasswordRequest.php" line-rate="1" branch-rate="0" complexity="1">
          <methods>
            <method name="authorize" signature="" line-rate="1" branch-rate="0" complexity="1">
              <lines>
                <line number="20" hits="1"/>
              </lines>
            </method>
          </methods>
          <lines>
            <line number="20" hits="1"/>
          </lines>
        </class>
      </classes>
    </package>
    <package name="Http/Requests/PasswordResetLinkRequest.php" line-rate="1" branch-rate="0" complexity="2">
      <classes>
        <class name="Playground\Login\Blade\Http\Requests\PasswordResetLinkRequest" filename="Http/Requests/PasswordResetLinkRequest.php" line-rate="1" branch-rate="0" complexity="2">
          <methods>
            <method name="authorize" signature="" line-rate="1" branch-rate="0" complexity="1">
              <lines>
                <line number="19" hits="5"/>
              </lines>
            </method>
            <method name="rules" signature="" line-rate="1" branch-rate="0" complexity="1">
              <lines>
                <line number="29" hits="5"/>
                <line number="30" hits="5"/>
                <line number="31" hits="5"/>
              </lines>
            </method>
          </methods>
          <lines>
            <line number="19" hits="5"/>
            <line number="29" hits="5"/>
            <line number="30" hits="5"/>
            <line number="31" hits="5"/>
          </lines>
        </class>
      </classes>
    </package>
    <package name="Http/Requests/RegisterUserRequest.php" line-rate="1" branch-rate="0" complexity="2">
      <classes>
        <class name="Playground\Login\Blade\Http\Requests\RegisterUserRequest" filename="Http/Requests/RegisterUserRequest.php" line-rate="1" branch-rate="0" complexity="2">
          <methods>
            <method name="authorize" signature="" line-rate="1" branch-rate="0" complexity="1">
              <lines>
                <line number="20" hits="1"/>
              </lines>
            </method>
            <method name="rules" signature="" line-rate="1" branch-rate="0" complexity="1">
              <lines>
                <line number="30" hits="1"/>
                <line number="31" hits="1"/>
                <line number="32" hits="1"/>
                <line number="33" hits="1"/>
                <line number="34" hits="1"/>
                <line number="35" hits="1"/>
              </lines>
            </method>
          </methods>
          <lines>
            <line number="20" hits="1"/>
            <line number="30" hits="1"/>
            <line number="31" hits="1"/>
            <line number="32" hits="1"/>
            <line number="33" hits="1"/>
            <line number="34" hits="1"/>
            <line number="35" hits="1"/>
          </lines>
        </class>
      </classes>
    </package>
    <package name="Http/Requests/StoreNewPasswordRequest.php" line-rate="1" branch-rate="0" complexity="2">
      <classes>
        <class name="Playground\Login\Blade\Http\Requests\StoreNewPasswordRequest" filename="Http/Requests/StoreNewPasswordRequest.php" line-rate="1" branch-rate="0" complexity="2">
          <methods>
            <method name="authorize" signature="" line-rate="1" branch-rate="0" complexity="1">
              <lines>
                <line number="20" hits="2"/>
              </lines>
            </method>
            <method name="rules" signature="" line-rate="1" branch-rate="0" complexity="1">
              <lines>
                <line number="30" hits="2"/>
                <line number="31" hits="2"/>
                <line number="32" hits="2"/>
                <line number="33" hits="2"/>
                <line number="34" hits="2"/>
              </lines>
            </method>
          </methods>
          <lines>
            <line number="20" hits="2"/>
            <line number="30" hits="2"/>
            <line number="31" hits="2"/>
            <line number="32" hits="2"/>
            <line number="33" hits="2"/>
            <line number="34" hits="2"/>
          </lines>
        </class>
      </classes>
    </package>
    <package name="ServiceProvider.php" line-rate="1" branch-rate="0" complexity="41">
      <classes>
        <class name="Playground\Login\Blade\ServiceProvider" filename="ServiceProvider.php" line-rate="1" branch-rate="0" complexity="41">
          <methods>
            <method name="boot" signature="" line-rate="1" branch-rate="0" complexity="7">
              <lines>
                <line number="25" hits="30"/>
                <line number="27" hits="30"/>
                <line number="29" hits="30"/>
                <line number="30" hits="30"/>
                <line number="33" hits="30"/>
                <line number="34" hits="30"/>
                <line number="35" hits="30"/>
                <line number="36" hits="30"/>
                <line number="37" hits="30"/>
                <line number="40" hits="30"/>
                <line number="42" hits="30"/>
                <line number="43" hits="30"/>
                <line number="44" hits="30"/>
                <line number="47" hits="30"/>
                <line number="48" hits="30"/>
                <line number="49" hits="30"/>
                <line number="52" hits="30"/>
              </lines>
            </method>
            <method name="about" signature="" line-rate="1" branch-rate="0" complexity="23">
              <lines>
                <line number="58" hits="30"/>
                <line number="59" hits="30"/>
                <line number="61" hits="30"/>
                <line number="63" hits="30"/>
                <line number="65" hits="30"/>
                <line number="67" hits="30"/>
                <line number="69" hits="30"/>
                <line number="71" hits="30"/>
                <line number="72" hits="30"/>
                <line number="73" hits="30"/>
                <line number="75" hits="30"/>
                <line number="76" hits="30"/>
                <line number="77" hits="30"/>
                <line number="79" hits="30"/>
                <line number="80" hits="30"/>
                <line number="82" hits="30"/>
                <line number="83" hits="30"/>
                <line number="84" hits="30"/>
                <line number="85" hits="30"/>
                <line number="87" hits="30"/>
                <line number="88" hits="30"/>
                <line number="89" hits="30"/>
                <line number="90" hits="30"/>
                <line number="91" hits="30"/>
                <line number="92" hits="30"/>
                <line number="93" hits="30"/>
                <line number="94" hits="30"/>
                <line number="96" hits="30"/>
                <line number="97" hits="30"/>
                <line number="98" hits="30"/>
              </lines>
            </method>
            <method name="register" signature="" line-rate="1" branch-rate="0" complexity="1">
              <lines>
                <line number="103" hits="30"/>
                <line number="104" hits="30"/>
                <line number="105" hits="30"/>
                <line number="106" hits="30"/>
              </lines>
            </method>
            <method name="routes" signature="array $routes" line-rate="1" branch-rate="0" complexity="9">
              <lines>
                <line number="114" hits="30"/>
                <line number="115" hits="30"/>
                <line number="117" hits="30"/>
                <line number="118" hits="30"/>
                <line number="120" hits="30"/>
                <line number="121" hits="30"/>
                <line number="123" hits="30"/>
                <line number="124" hits="30"/>
                <line number="126" hits="30"/>
                <line number="127" hits="30"/>
                <line number="129" hits="30"/>
                <line number="130" hits="30"/>
                <line number="132" hits="30"/>
                <line number="133" hits="30"/>
                <line number="135" hits="30"/>
                <line number="136" hits="30"/>
              </lines>
            </method>
            <method name="version" signature="" line-rate="1" branch-rate="0" complexity="1">
              <lines>
                <line number="142" hits="30"/>
              </lines>
            </method>
          </methods>
          <lines>
            <line number="25" hits="30"/>
            <line number="27" hits="30"/>
            <line number="29" hits="30"/>
            <line number="30" hits="30"/>
            <line number="33" hits="30"/>
            <line number="34" hits="30"/>
            <line number="35" hits="30"/>
            <line number="36" hits="30"/>
            <line number="37" hits="30"/>
            <line number="40" hits="30"/>
            <line number="42" hits="30"/>
            <line number="43" hits="30"/>
            <line number="44" hits="30"/>
            <line number="47" hits="30"/>
            <line number="48" hits="30"/>
            <line number="49" hits="30"/>
            <line number="52" hits="30"/>
            <line number="58" hits="30"/>
            <line number="59" hits="30"/>
            <line number="61" hits="30"/>
            <line number="63" hits="30"/>
            <line number="65" hits="30"/>
            <line number="67" hits="30"/>
            <line number="69" hits="30"/>
            <line number="71" hits="30"/>
            <line number="72" hits="30"/>
            <line number="73" hits="30"/>
            <line number="75" hits="30"/>
            <line number="76" hits="30"/>
            <line number="77" hits="30"/>
            <line number="79" hits="30"/>
            <line number="80" hits="30"/>
            <line number="82" hits="30"/>
            <line number="83" hits="30"/>
            <line number="84" hits="30"/>
            <line number="85" hits="30"/>
            <line number="87" hits="30"/>
            <line number="88" hits="30"/>
            <line number="89" hits="30"/>
            <line number="90" hits="30"/>
            <line number="91" hits="30"/>
            <line number="92" hits="30"/>
            <line number="93" hits="30"/>
            <line number="94" hits="30"/>
            <line number="96" hits="30"/>
            <line number="97" hits="30"/>
            <line number="98" hits="30"/>
            <line number="103" hits="30"/>
            <line number="104" hits="30"/>
            <line number="105" hits="30"/>
            <line number="106" hits="30"/>
            <line number="114" hits="30"/>
            <line number="115" hits="30"/>
            <line number="117" hits="30"/>
            <line number="118" hits="30"/>
            <line number="120" hits="30"/>
            <line number="121" hits="30"/>
            <line number="123" hits="30"/>
            <line number="124" hits="30"/>
            <line number="126" hits="30"/>
            <line number="127" hits="30"/>
            <line number="129" hits="30"/>
            <line number="130" hits="30"/>
            <line number="132" hits="30"/>
            <line number="133" hits="30"/>
            <line number="135" hits="30"/>
            <line number="136" hits="30"/>
            <line number="142" hits="30"/>
          </lines>
        </class>
      </classes>
    </package>
  </packages>
</coverage>
