<?xml version="1.0" encoding="UTF-8"?>
<!DOCTYPE coverage SYSTEM "http://cobertura.sourceforge.net/xml/coverage-04.dtd">
<coverage line-rate="1" branch-rate="0" lines-covered="327" lines-valid="327" branches-covered="0" branches-valid="0" complexity="142" version="0.4" timestamp="1709927276">
  <sources>
    <source>/app/src</source>
  </sources>
  <packages>
    <package name="Http/Controllers/AuthenticatedSessionController.php" line-rate="1" branch-rate="0" complexity="45">
      <classes>
        <class name="Playground\Login\Blade\Http\Controllers\AuthenticatedSessionController" filename="Http/Controllers/AuthenticatedSessionController.php" line-rate="1" branch-rate="0" complexity="45">
          <methods>
            <method name="create" signature="" line-rate="1" branch-rate="0" complexity="1">
              <lines>
                <line number="32" hits="2"/>
                <line number="34" hits="2"/>
                <line number="35" hits="2"/>
                <line number="36" hits="2"/>
                <line number="37" hits="2"/>
                <line number="38" hits="2"/>
                <line number="39" hits="2"/>
                <line number="40" hits="2"/>
                <line number="41" hits="2"/>
              </lines>
            </method>
            <method name="store" signature="Playground\Login\Blade\Http\Requests\LoginRequest $request" line-rate="1" branch-rate="0" complexity="16">
              <lines>
                <line number="51" hits="12"/>
                <line number="53" hits="8"/>
                <line number="55" hits="8"/>
                <line number="56" hits="8"/>
                <line number="62" hits="8"/>
                <line number="64" hits="8"/>
                <line number="65" hits="8"/>
                <line number="67" hits="8"/>
                <line number="68" hits="8"/>
                <line number="69" hits="8"/>
                <line number="70" hits="8"/>
                <line number="72" hits="2"/>
                <line number="73" hits="2"/>
                <line number="75" hits="2"/>
                <line number="77" hits="2"/>
                <line number="78" hits="2"/>
                <line number="80" hits="2"/>
                <line number="87" hits="8"/>
                <line number="89" hits="8"/>
                <line number="91" hits="8"/>
                <line number="92" hits="8"/>
                <line number="93" hits="8"/>
                <line number="94" hits="8"/>
                <line number="107" hits="8"/>
                <line number="109" hits="8"/>
                <line number="111" hits="8"/>
                <line number="113" hits="2"/>
                <line number="114" hits="2"/>
                <line number="116" hits="2"/>
                <line number="117" hits="2"/>
                <line number="118" hits="2"/>
                <line number="119" hits="2"/>
                <line number="124" hits="8"/>
                <line number="125" hits="2"/>
                <line number="128" hits="6"/>
              </lines>
            </method>
            <method name="destroy" signature="Illuminate\Http\Request $request" line-rate="1" branch-rate="0" complexity="10">
              <lines>
                <line number="139" hits="13"/>
                <line number="140" hits="13"/>
                <line number="142" hits="13"/>
                <line number="144" hits="13"/>
                <line number="145" hits="13"/>
                <line number="146" hits="13"/>
                <line number="147" hits="13"/>
                <line number="152" hits="5"/>
                <line number="154" hits="5"/>
                <line number="155" hits="5"/>
                <line number="159" hits="13"/>
                <line number="161" hits="13"/>
                <line number="162" hits="13"/>
                <line number="164" hits="13"/>
                <line number="167" hits="13"/>
                <line number="168" hits="6"/>
                <line number="169" hits="6"/>
                <line number="170" hits="6"/>
                <line number="171" hits="6"/>
                <line number="172" hits="6"/>
                <line number="175" hits="6"/>
                <line number="178" hits="7"/>
              </lines>
            </method>
            <method name="destroyTokens" signature="Illuminate\Contracts\Auth\Authenticatable $user, Illuminate\Http\Request $request, array $config" line-rate="1" branch-rate="0" complexity="17">
              <lines>
                <line number="189" hits="5"/>
                <line number="190" hits="5"/>
                <line number="192" hits="5"/>
                <line number="193" hits="2"/>
                <line number="194" hits="2"/>
                <line number="200" hits="3"/>
                <line number="201" hits="3"/>
                <line number="202" hits="3"/>
                <line number="205" hits="3"/>
                <line number="206" hits="3"/>
                <line number="207" hits="3"/>
                <line number="208" hits="3"/>
                <line number="209" hits="3"/>
                <line number="210" hits="3"/>
                <line number="211" hits="3"/>
                <line number="212" hits="3"/>
                <line number="214" hits="3"/>
                <line number="216" hits="3"/>
                <line number="217" hits="3"/>
                <line number="221" hits="2"/>
                <line number="225" hits="3"/>
                <line number="226" hits="2"/>
              </lines>
            </method>
            <method name="token" signature="Illuminate\Http\Request $request" line-rate="1" branch-rate="0" complexity="1">
              <lines>
                <line number="238" hits="2"/>
                <line number="239" hits="2"/>
                <line number="240" hits="2"/>
                <line number="241" hits="2"/>
                <line number="242" hits="2"/>
              </lines>
            </method>
          </methods>
          <lines>
            <line number="32" hits="2"/>
            <line number="34" hits="2"/>
            <line number="35" hits="2"/>
            <line number="36" hits="2"/>
            <line number="37" hits="2"/>
            <line number="38" hits="2"/>
            <line number="39" hits="2"/>
            <line number="40" hits="2"/>
            <line number="41" hits="2"/>
            <line number="51" hits="12"/>
            <line number="53" hits="8"/>
            <line number="55" hits="8"/>
            <line number="56" hits="8"/>
            <line number="62" hits="8"/>
            <line number="64" hits="8"/>
            <line number="65" hits="8"/>
            <line number="67" hits="8"/>
            <line number="68" hits="8"/>
            <line number="69" hits="8"/>
            <line number="70" hits="8"/>
            <line number="72" hits="2"/>
            <line number="73" hits="2"/>
            <line number="75" hits="2"/>
            <line number="77" hits="2"/>
            <line number="78" hits="2"/>
            <line number="80" hits="2"/>
            <line number="87" hits="8"/>
            <line number="89" hits="8"/>
            <line number="91" hits="8"/>
            <line number="92" hits="8"/>
            <line number="93" hits="8"/>
            <line number="94" hits="8"/>
            <line number="107" hits="8"/>
            <line number="109" hits="8"/>
            <line number="111" hits="8"/>
            <line number="113" hits="2"/>
            <line number="114" hits="2"/>
            <line number="116" hits="2"/>
            <line number="117" hits="2"/>
            <line number="118" hits="2"/>
            <line number="119" hits="2"/>
            <line number="124" hits="8"/>
            <line number="125" hits="2"/>
            <line number="128" hits="6"/>
            <line number="139" hits="13"/>
            <line number="140" hits="13"/>
            <line number="142" hits="13"/>
            <line number="144" hits="13"/>
            <line number="145" hits="13"/>
            <line number="146" hits="13"/>
            <line number="147" hits="13"/>
            <line number="152" hits="5"/>
            <line number="154" hits="5"/>
            <line number="155" hits="5"/>
            <line number="159" hits="13"/>
            <line number="161" hits="13"/>
            <line number="162" hits="13"/>
            <line number="164" hits="13"/>
            <line number="167" hits="13"/>
            <line number="168" hits="6"/>
            <line number="169" hits="6"/>
            <line number="170" hits="6"/>
            <line number="171" hits="6"/>
            <line number="172" hits="6"/>
            <line number="175" hits="6"/>
            <line number="178" hits="7"/>
            <line number="189" hits="5"/>
            <line number="190" hits="5"/>
            <line number="192" hits="5"/>
            <line number="193" hits="2"/>
            <line number="194" hits="2"/>
            <line number="200" hits="3"/>
            <line number="201" hits="3"/>
            <line number="202" hits="3"/>
            <line number="205" hits="3"/>
            <line number="206" hits="3"/>
            <line number="207" hits="3"/>
            <line number="208" hits="3"/>
            <line number="209" hits="3"/>
            <line number="210" hits="3"/>
            <line number="211" hits="3"/>
            <line number="212" hits="3"/>
            <line number="214" hits="3"/>
            <line number="216" hits="3"/>
            <line number="217" hits="3"/>
            <line number="221" hits="2"/>
            <line number="225" hits="3"/>
            <line number="226" hits="2"/>
            <line number="238" hits="2"/>
            <line number="239" hits="2"/>
            <line number="240" hits="2"/>
            <line number="241" hits="2"/>
            <line number="242" hits="2"/>
          </lines>
        </class>
      </classes>
    </package>
    <package name="Http/Controllers/ConfirmablePasswordController.php" line-rate="1" branch-rate="0" complexity="3">
      <classes>
        <class name="Playground\Login\Blade\Http\Controllers\ConfirmablePasswordController" filename="Http/Controllers/ConfirmablePasswordController.php" line-rate="1" branch-rate="0" complexity="3">
          <methods>
            <method name="show" signature="" line-rate="1" branch-rate="0" complexity="1">
              <lines>
                <line number="28" hits="2"/>
                <line number="30" hits="2"/>
                <line number="31" hits="2"/>
                <line number="32" hits="2"/>
                <line number="33" hits="2"/>
                <line number="34" hits="2"/>
                <line number="35" hits="2"/>
              </lines>
            </method>
            <method name="store" signature="Illuminate\Http\Request $request" line-rate="1" branch-rate="0" complexity="2">
              <lines>
                <line number="45" hits="4"/>
                <line number="46" hits="4"/>
                <line number="47" hits="4"/>
                <line number="48" hits="4"/>
                <line number="49" hits="2"/>
                <line number="50" hits="2"/>
                <line number="51" hits="2"/>
                <line number="54" hits="2"/>
                <line number="56" hits="2"/>
              </lines>
            </method>
          </methods>
          <lines>
            <line number="28" hits="2"/>
            <line number="30" hits="2"/>
            <line number="31" hits="2"/>
            <line number="32" hits="2"/>
            <line number="33" hits="2"/>
            <line number="34" hits="2"/>
            <line number="35" hits="2"/>
            <line number="45" hits="4"/>
            <line number="46" hits="4"/>
            <line number="47" hits="4"/>
            <line number="48" hits="4"/>
            <line number="49" hits="2"/>
            <line number="50" hits="2"/>
            <line number="51" hits="2"/>
            <line number="54" hits="2"/>
            <line number="56" hits="2"/>
          </lines>
        </class>
      </classes>
    </package>
    <package name="Http/Controllers/Controller.php" line-rate="1" branch-rate="0" complexity="7">
      <classes>
        <class name="Playground\Login\Blade\Http\Controllers\Controller" filename="Http/Controllers/Controller.php" line-rate="1" branch-rate="0" complexity="7">
          <methods>
            <method name="getRedirectUrl" signature="" line-rate="1" branch-rate="0" complexity="2">
              <lines>
                <line number="28" hits="18"/>
                <line number="30" hits="18"/>
              </lines>
            </method>
            <method name="getPackageViewPathFromConfig" signature="mixed $config, string $view" line-rate="1" branch-rate="0" complexity="5">
              <lines>
                <line number="35" hits="12"/>
                <line number="36" hits="12"/>
                <line number="37" hits="12"/>
                <line number="38" hits="12"/>
                <line number="39" hits="12"/>
                <line number="41" hits="12"/>
                <line number="44" hits="12"/>
              </lines>
            </method>
          </methods>
          <lines>
            <line number="28" hits="18"/>
            <line number="30" hits="18"/>
            <line number="35" hits="12"/>
            <line number="36" hits="12"/>
            <line number="37" hits="12"/>
            <line number="38" hits="12"/>
            <line number="39" hits="12"/>
            <line number="41" hits="12"/>
            <line number="44" hits="12"/>
          </lines>
        </class>
      </classes>
    </package>
    <package name="Http/Controllers/EmailVerificationController.php" line-rate="1" branch-rate="0" complexity="7">
      <classes>
        <class name="Playground\Login\Blade\Http\Controllers\EmailVerificationController" filename="Http/Controllers/EmailVerificationController.php" line-rate="1" branch-rate="0" complexity="7">
          <methods>
            <method name="show" signature="Illuminate\Http\Request $request" line-rate="1" branch-rate="0" complexity="2">
              <lines>
                <line number="32" hits="4"/>
                <line number="34" hits="4"/>
                <line number="35" hits="2"/>
                <line number="38" hits="2"/>
                <line number="40" hits="2"/>
                <line number="41" hits="2"/>
                <line number="42" hits="2"/>
                <line number="43" hits="2"/>
                <line number="44" hits="2"/>
                <line number="45" hits="2"/>
              </lines>
            </method>
            <method name="send" signature="Illuminate\Http\Request $request" line-rate="1" branch-rate="0" complexity="2">
              <lines>
                <line number="58" hits="4"/>
                <line number="60" hits="4"/>
                <line number="61" hits="2"/>
                <line number="64" hits="2"/>
                <line number="66" hits="2"/>
              </lines>
            </method>
            <method name="verify" signature="Playground\Login\Blade\Http\Requests\EmailVerificationRequest $request" line-rate="1" branch-rate="0" complexity="3">
              <lines>
                <line number="80" hits="4"/>
                <line number="82" hits="4"/>
                <line number="83" hits="2"/>
                <line number="86" hits="2"/>
                <line number="87" hits="2"/>
                <line number="90" hits="2"/>
              </lines>
            </method>
          </methods>
          <lines>
            <line number="32" hits="4"/>
            <line number="34" hits="4"/>
            <line number="35" hits="2"/>
            <line number="38" hits="2"/>
            <line number="40" hits="2"/>
            <line number="41" hits="2"/>
            <line number="42" hits="2"/>
            <line number="43" hits="2"/>
            <line number="44" hits="2"/>
            <line number="45" hits="2"/>
            <line number="58" hits="4"/>
            <line number="60" hits="4"/>
            <line number="61" hits="2"/>
            <line number="64" hits="2"/>
            <line number="66" hits="2"/>
            <line number="80" hits="4"/>
            <line number="82" hits="4"/>
            <line number="83" hits="2"/>
            <line number="86" hits="2"/>
            <line number="87" hits="2"/>
            <line number="90" hits="2"/>
          </lines>
        </class>
      </classes>
    </package>
    <package name="Http/Controllers/NewPasswordController.php" line-rate="1" branch-rate="0" complexity="5">
      <classes>
        <class name="Playground\Login\Blade\Http\Controllers\NewPasswordController" filename="Http/Controllers/NewPasswordController.php" line-rate="1" branch-rate="0" complexity="5">
          <methods>
            <method name="create" signature="Playground\Login\Blade\Http\Requests\NewPasswordRequest $request" line-rate="1" branch-rate="0" complexity="1">
              <lines>
                <line number="35" hits="2"/>
                <line number="37" hits="2"/>
                <line number="39" hits="2"/>
                <line number="40" hits="2"/>
                <line number="41" hits="2"/>
                <line number="42" hits="2"/>
                <line number="43" hits="2"/>
                <line number="44" hits="2"/>
                <line number="45" hits="2"/>
              </lines>
            </method>
            <method name="store" signature="Playground\Login\Blade\Http\Requests\StoreNewPasswordRequest $request" line-rate="1" branch-rate="0" complexity="4">
              <lines>
                <line number="60" hits="4"/>
                <line number="62" hits="4"/>
                <line number="70" hits="4"/>
                <line number="71" hits="4"/>
                <line number="72" hits="4"/>
                <line number="73" hits="2"/>
                <line number="74" hits="2"/>
                <line number="75" hits="2"/>
                <line number="76" hits="2"/>
                <line number="78" hits="2"/>
                <line number="79" hits="4"/>
                <line number="80" hits="4"/>
                <line number="85" hits="4"/>
                <line number="86" hits="2"/>
                <line number="89" hits="2"/>
                <line number="90" hits="2"/>
                <line number="91" hits="2"/>
              </lines>
            </method>
          </methods>
          <lines>
            <line number="35" hits="2"/>
            <line number="37" hits="2"/>
            <line number="39" hits="2"/>
            <line number="40" hits="2"/>
            <line number="41" hits="2"/>
            <line number="42" hits="2"/>
            <line number="43" hits="2"/>
            <line number="44" hits="2"/>
            <line number="45" hits="2"/>
            <line number="60" hits="4"/>
            <line number="62" hits="4"/>
            <line number="70" hits="4"/>
            <line number="71" hits="4"/>
            <line number="72" hits="4"/>
            <line number="73" hits="2"/>
            <line number="74" hits="2"/>
            <line number="75" hits="2"/>
            <line number="76" hits="2"/>
            <line number="78" hits="2"/>
            <line number="79" hits="4"/>
            <line number="80" hits="4"/>
            <line number="85" hits="4"/>
            <line number="86" hits="2"/>
            <line number="89" hits="2"/>
            <line number="90" hits="2"/>
            <line number="91" hits="2"/>
          </lines>
        </class>
      </classes>
    </package>
    <package name="Http/Controllers/PasswordResetLinkController.php" line-rate="1" branch-rate="0" complexity="3">
      <classes>
        <class name="Playground\Login\Blade\Http\Controllers\PasswordResetLinkController" filename="Http/Controllers/PasswordResetLinkController.php" line-rate="1" branch-rate="0" complexity="3">
          <methods>
            <method name="create" signature="" line-rate="1" branch-rate="0" complexity="1">
              <lines>
                <line number="27" hits="2"/>
                <line number="29" hits="2"/>
                <line number="30" hits="2"/>
                <line number="31" hits="2"/>
                <line number="32" hits="2"/>
                <line number="33" hits="2"/>
                <line number="34" hits="2"/>
                <line number="35" hits="2"/>
              </lines>
            </method>
            <method name="store" signature="Playground\Login\Blade\Http\Requests\PasswordResetLinkRequest $request" line-rate="1" branch-rate="0" complexity="2">
              <lines>
                <line number="47" hits="10"/>
                <line number="49" hits="10"/>
                <line number="51" hits="10"/>
                <line number="52" hits="8"/>
                <line number="55" hits="2"/>
                <line number="56" hits="2"/>
                <line number="57" hits="2"/>
              </lines>
            </method>
          </methods>
          <lines>
            <line number="27" hits="2"/>
            <line number="29" hits="2"/>
            <line number="30" hits="2"/>
            <line number="31" hits="2"/>
            <line number="32" hits="2"/>
            <line number="33" hits="2"/>
            <line number="34" hits="2"/>
            <line number="35" hits="2"/>
            <line number="47" hits="10"/>
            <line number="49" hits="10"/>
            <line number="51" hits="10"/>
            <line number="52" hits="8"/>
            <line number="55" hits="2"/>
            <line number="56" hits="2"/>
            <line number="57" hits="2"/>
          </lines>
        </class>
      </classes>
    </package>
    <package name="Http/Controllers/RegisteredUserController.php" line-rate="1" branch-rate="0" complexity="3">
      <classes>
        <class name="Playground\Login\Blade\Http\Controllers\RegisteredUserController" filename="Http/Controllers/RegisteredUserController.php" line-rate="1" branch-rate="0" complexity="3">
          <methods>
            <method name="create" signature="" line-rate="1" branch-rate="0" complexity="1">
              <lines>
                <line number="30" hits="2"/>
                <line number="32" hits="2"/>
                <line number="33" hits="2"/>
                <line number="34" hits="2"/>
                <line number="35" hits="2"/>
                <line number="36" hits="2"/>
                <line number="37" hits="2"/>
              </lines>
            </method>
            <method name="store" signature="Playground\Login\Blade\Http\Requests\RegisterUserRequest $request" line-rate="1" branch-rate="0" complexity="2">
              <lines>
                <line number="50" hits="2"/>
                <line number="55" hits="2"/>
                <line number="60" hits="2"/>
                <line number="61" hits="2"/>
                <line number="62" hits="2"/>
                <line number="63" hits="2"/>
                <line number="64" hits="2"/>
                <line number="65" hits="2"/>
                <line number="66" hits="2"/>
                <line number="68" hits="2"/>
                <line number="70" hits="2"/>
                <line number="72" hits="2"/>
              </lines>
            </method>
          </methods>
          <lines>
            <line number="30" hits="2"/>
            <line number="32" hits="2"/>
            <line number="33" hits="2"/>
            <line number="34" hits="2"/>
            <line number="35" hits="2"/>
            <line number="36" hits="2"/>
            <line number="37" hits="2"/>
            <line number="50" hits="2"/>
            <line number="55" hits="2"/>
            <line number="60" hits="2"/>
            <line number="61" hits="2"/>
            <line number="62" hits="2"/>
            <line number="63" hits="2"/>
            <line number="64" hits="2"/>
            <line number="65" hits="2"/>
            <line number="66" hits="2"/>
            <line number="68" hits="2"/>
            <line number="70" hits="2"/>
            <line number="72" hits="2"/>
          </lines>
        </class>
      </classes>
    </package>
    <package name="Http/Requests/EmailVerificationRequest.php" line-rate="1" branch-rate="0" complexity="13">
      <classes>
        <class name="Playground\Login\Blade\Http\Requests\EmailVerificationRequest" filename="Http/Requests/EmailVerificationRequest.php" line-rate="1" branch-rate="0" complexity="13">
          <methods>
            <method name="authorize" signature="" line-rate="1" branch-rate="0" complexity="13">
              <lines>
                <line number="23" hits="8"/>
                <line number="25" hits="8"/>
                <line number="26" hits="8"/>
                <line number="28" hits="8"/>
                <line number="29" hits="8"/>
                <line number="31" hits="8"/>
                <line number="32" hits="8"/>
                <line number="33" hits="8"/>
                <line number="34" hits="8"/>
                <line number="35" hits="8"/>
                <line number="37" hits="2"/>
                <line number="40" hits="6"/>
                <line number="41" hits="6"/>
                <line number="42" hits="6"/>
                <line number="43" hits="6"/>
                <line number="44" hits="6"/>
                <line number="46" hits="2"/>
                <line number="49" hits="4"/>
              </lines>
            </method>
          </methods>
          <lines>
            <line number="23" hits="8"/>
            <line number="25" hits="8"/>
            <line number="26" hits="8"/>
            <line number="28" hits="8"/>
            <line number="29" hits="8"/>
            <line number="31" hits="8"/>
            <line number="32" hits="8"/>
            <line number="33" hits="8"/>
            <line number="34" hits="8"/>
            <line number="35" hits="8"/>
            <line number="37" hits="2"/>
            <line number="40" hits="6"/>
            <line number="41" hits="6"/>
            <line number="42" hits="6"/>
            <line number="43" hits="6"/>
            <line number="44" hits="6"/>
            <line number="46" hits="2"/>
            <line number="49" hits="4"/>
          </lines>
        </class>
      </classes>
    </package>
    <package name="Http/Requests/LoginRequest.php" line-rate="1" branch-rate="0" complexity="8">
      <classes>
        <class name="Playground\Login\Blade\Http\Requests\LoginRequest" filename="Http/Requests/LoginRequest.php" line-rate="1" branch-rate="0" complexity="8">
          <methods>
            <method name="authorize" signature="" line-rate="1" branch-rate="0" complexity="1">
              <lines>
                <line number="26" hits="12"/>
              </lines>
            </method>
            <method name="rules" signature="" line-rate="1" branch-rate="0" complexity="1">
              <lines>
                <line number="36" hits="12"/>
                <line number="37" hits="12"/>
                <line number="38" hits="12"/>
                <line number="39" hits="12"/>
              </lines>
            </method>
            <method name="authenticate" signature="" line-rate="1" branch-rate="0" complexity="2">
              <lines>
                <line number="50" hits="12"/>
                <line number="52" hits="12"/>
                <line number="53" hits="6"/>
                <line number="55" hits="6"/>
                <line number="56" hits="6"/>
                <line number="57" hits="6"/>
                <line number="60" hits="8"/>
              </lines>
            </method>
            <method name="ensureIsNotRateLimited" signature="" line-rate="1" branch-rate="0" complexity="2">
              <lines>
                <line number="71" hits="12"/>
                <line number="72" hits="12"/>
                <line number="75" hits="2"/>
                <line number="77" hits="2"/>
                <line number="79" hits="2"/>
                <line number="80" hits="2"/>
                <line number="81" hits="2"/>
                <line number="82" hits="2"/>
                <line number="83" hits="2"/>
                <line number="84" hits="2"/>
              </lines>
            </method>
            <method name="throttleKey" signature="" line-rate="1" branch-rate="0" complexity="2">
              <lines>
                <line number="92" hits="12"/>
                <line number="94" hits="12"/>
              </lines>
            </method>
          </methods>
          <lines>
            <line number="26" hits="12"/>
            <line number="36" hits="12"/>
            <line number="37" hits="12"/>
            <line number="38" hits="12"/>
            <line number="39" hits="12"/>
            <line number="50" hits="12"/>
            <line number="52" hits="12"/>
            <line number="53" hits="6"/>
            <line number="55" hits="6"/>
            <line number="56" hits="6"/>
            <line number="57" hits="6"/>
            <line number="60" hits="8"/>
            <line number="71" hits="12"/>
            <line number="72" hits="12"/>
            <line number="75" hits="2"/>
            <line number="77" hits="2"/>
            <line number="79" hits="2"/>
            <line number="80" hits="2"/>
            <line number="81" hits="2"/>
            <line number="82" hits="2"/>
            <line number="83" hits="2"/>
            <line number="84" hits="2"/>
            <line number="92" hits="12"/>
            <line number="94" hits="12"/>
          </lines>
        </class>
      </classes>
    </package>
    <package name="Http/Requests/NewPasswordRequest.php" line-rate="1" branch-rate="0" complexity="1">
      <classes>
        <class name="Playground\Login\Blade\Http\Requests\NewPasswordRequest" filename="Http/Requests/NewPasswordRequest.php" line-rate="1" branch-rate="0" complexity="1">
          <methods>
            <method name="authorize" signature="" line-rate="1" branch-rate="0" complexity="1">
              <lines>
                <line number="22" hits="2"/>
              </lines>
            </method>
          </methods>
          <lines>
            <line number="22" hits="2"/>
          </lines>
        </class>
      </classes>
    </package>
    <package name="Http/Requests/PasswordResetLinkRequest.php" line-rate="1" branch-rate="0" complexity="2">
      <classes>
        <class name="Playground\Login\Blade\Http\Requests\PasswordResetLinkRequest" filename="Http/Requests/PasswordResetLinkRequest.php" line-rate="1" branch-rate="0" complexity="2">
          <methods>
            <method name="authorize" signature="" line-rate="1" branch-rate="0" complexity="1">
              <lines>
                <line number="21" hits="10"/>
              </lines>
            </method>
            <method name="rules" signature="" line-rate="1" branch-rate="0" complexity="1">
              <lines>
                <line number="31" hits="10"/>
                <line number="32" hits="10"/>
                <line number="33" hits="10"/>
              </lines>
            </method>
          </methods>
          <lines>
            <line number="21" hits="10"/>
            <line number="31" hits="10"/>
            <line number="32" hits="10"/>
            <line number="33" hits="10"/>
          </lines>
        </class>
      </classes>
    </package>
    <package name="Http/Requests/RegisterUserRequest.php" line-rate="1" branch-rate="0" complexity="2">
      <classes>
        <class name="Playground\Login\Blade\Http\Requests\RegisterUserRequest" filename="Http/Requests/RegisterUserRequest.php" line-rate="1" branch-rate="0" complexity="2">
          <methods>
            <method name="authorize" signature="" line-rate="1" branch-rate="0" complexity="1">
              <lines>
                <line number="22" hits="2"/>
              </lines>
            </method>
            <method name="rules" signature="" line-rate="1" branch-rate="0" complexity="1">
              <lines>
                <line number="32" hits="2"/>
                <line number="33" hits="2"/>
                <line number="34" hits="2"/>
                <line number="35" hits="2"/>
                <line number="36" hits="2"/>
                <line number="37" hits="2"/>
              </lines>
            </method>
          </methods>
          <lines>
            <line number="22" hits="2"/>
            <line number="32" hits="2"/>
            <line number="33" hits="2"/>
            <line number="34" hits="2"/>
            <line number="35" hits="2"/>
            <line number="36" hits="2"/>
            <line number="37" hits="2"/>
          </lines>
        </class>
      </classes>
    </package>
    <package name="Http/Requests/StoreNewPasswordRequest.php" line-rate="1" branch-rate="0" complexity="2">
      <classes>
        <class name="Playground\Login\Blade\Http\Requests\StoreNewPasswordRequest" filename="Http/Requests/StoreNewPasswordRequest.php" line-rate="1" branch-rate="0" complexity="2">
          <methods>
            <method name="authorize" signature="" line-rate="1" branch-rate="0" complexity="1">
              <lines>
                <line number="22" hits="4"/>
              </lines>
            </method>
            <method name="rules" signature="" line-rate="1" branch-rate="0" complexity="1">
              <lines>
                <line number="32" hits="4"/>
                <line number="33" hits="4"/>
                <line number="34" hits="4"/>
                <line number="35" hits="4"/>
                <line number="36" hits="4"/>
              </lines>
            </method>
          </methods>
          <lines>
            <line number="22" hits="4"/>
            <line number="32" hits="4"/>
            <line number="33" hits="4"/>
            <line number="34" hits="4"/>
            <line number="35" hits="4"/>
            <line number="36" hits="4"/>
          </lines>
        </class>
      </classes>
    </package>
    <package name="ServiceProvider.php" line-rate="1" branch-rate="0" complexity="41">
      <classes>
        <class name="Playground\Login\Blade\ServiceProvider" filename="ServiceProvider.php" line-rate="1" branch-rate="0" complexity="41">
          <methods>
            <method name="boot" signature="" line-rate="1" branch-rate="0" complexity="7">
              <lines>
                <line number="27" hits="69"/>
                <line number="29" hits="69"/>
                <line number="31" hits="69"/>
                <line number="32" hits="69"/>
                <line number="35" hits="69"/>
                <line number="36" hits="69"/>
                <line number="37" hits="69"/>
                <line number="38" hits="69"/>
                <line number="39" hits="69"/>
                <line number="42" hits="69"/>
                <line number="44" hits="69"/>
                <line number="45" hits="69"/>
                <line number="46" hits="69"/>
                <line number="49" hits="69"/>
                <line number="50" hits="69"/>
                <line number="51" hits="69"/>
                <line number="54" hits="69"/>
              </lines>
            </method>
            <method name="about" signature="" line-rate="1" branch-rate="0" complexity="23">
              <lines>
                <line number="60" hits="69"/>
                <line number="61" hits="69"/>
                <line number="63" hits="69"/>
                <line number="65" hits="69"/>
                <line number="67" hits="69"/>
                <line number="69" hits="69"/>
                <line number="71" hits="69"/>
                <line number="73" hits="69"/>
                <line number="74" hits="69"/>
                <line number="75" hits="69"/>
                <line number="77" hits="69"/>
                <line number="78" hits="69"/>
                <line number="79" hits="69"/>
                <line number="81" hits="69"/>
                <line number="82" hits="69"/>
                <line number="84" hits="69"/>
                <line number="85" hits="69"/>
                <line number="86" hits="69"/>
                <line number="87" hits="69"/>
                <line number="89" hits="69"/>
                <line number="90" hits="69"/>
                <line number="91" hits="69"/>
                <line number="92" hits="69"/>
                <line number="93" hits="69"/>
                <line number="94" hits="69"/>
                <line number="95" hits="69"/>
                <line number="96" hits="69"/>
                <line number="98" hits="69"/>
                <line number="99" hits="69"/>
                <line number="100" hits="69"/>
              </lines>
            </method>
            <method name="register" signature="" line-rate="1" branch-rate="0" complexity="1">
              <lines>
                <line number="105" hits="69"/>
                <line number="106" hits="69"/>
                <line number="107" hits="69"/>
                <line number="108" hits="69"/>
              </lines>
            </method>
            <method name="routes" signature="array $routes" line-rate="1" branch-rate="0" complexity="9">
              <lines>
                <line number="116" hits="69"/>
                <line number="117" hits="69"/>
                <line number="119" hits="69"/>
                <line number="120" hits="69"/>
                <line number="122" hits="69"/>
                <line number="123" hits="69"/>
                <line number="125" hits="69"/>
                <line number="126" hits="69"/>
                <line number="128" hits="69"/>
                <line number="129" hits="69"/>
                <line number="131" hits="69"/>
                <line number="132" hits="69"/>
                <line number="134" hits="69"/>
                <line number="135" hits="69"/>
                <line number="137" hits="69"/>
                <line number="138" hits="69"/>
              </lines>
            </method>
            <method name="version" signature="" line-rate="1" branch-rate="0" complexity="1">
              <lines>
                <line number="144" hits="69"/>
              </lines>
            </method>
          </methods>
          <lines>
            <line number="27" hits="69"/>
            <line number="29" hits="69"/>
            <line number="31" hits="69"/>
            <line number="32" hits="69"/>
            <line number="35" hits="69"/>
            <line number="36" hits="69"/>
            <line number="37" hits="69"/>
            <line number="38" hits="69"/>
            <line number="39" hits="69"/>
            <line number="42" hits="69"/>
            <line number="44" hits="69"/>
            <line number="45" hits="69"/>
            <line number="46" hits="69"/>
            <line number="49" hits="69"/>
            <line number="50" hits="69"/>
            <line number="51" hits="69"/>
            <line number="54" hits="69"/>
            <line number="60" hits="69"/>
            <line number="61" hits="69"/>
            <line number="63" hits="69"/>
            <line number="65" hits="69"/>
            <line number="67" hits="69"/>
            <line number="69" hits="69"/>
            <line number="71" hits="69"/>
            <line number="73" hits="69"/>
            <line number="74" hits="69"/>
            <line number="75" hits="69"/>
            <line number="77" hits="69"/>
            <line number="78" hits="69"/>
            <line number="79" hits="69"/>
            <line number="81" hits="69"/>
            <line number="82" hits="69"/>
            <line number="84" hits="69"/>
            <line number="85" hits="69"/>
            <line number="86" hits="69"/>
            <line number="87" hits="69"/>
            <line number="89" hits="69"/>
            <line number="90" hits="69"/>
            <line number="91" hits="69"/>
            <line number="92" hits="69"/>
            <line number="93" hits="69"/>
            <line number="94" hits="69"/>
            <line number="95" hits="69"/>
            <line number="96" hits="69"/>
            <line number="98" hits="69"/>
            <line number="99" hits="69"/>
            <line number="100" hits="69"/>
            <line number="105" hits="69"/>
            <line number="106" hits="69"/>
            <line number="107" hits="69"/>
            <line number="108" hits="69"/>
            <line number="116" hits="69"/>
            <line number="117" hits="69"/>
            <line number="119" hits="69"/>
            <line number="120" hits="69"/>
            <line number="122" hits="69"/>
            <line number="123" hits="69"/>
            <line number="125" hits="69"/>
            <line number="126" hits="69"/>
            <line number="128" hits="69"/>
            <line number="129" hits="69"/>
            <line number="131" hits="69"/>
            <line number="132" hits="69"/>
            <line number="134" hits="69"/>
            <line number="135" hits="69"/>
            <line number="137" hits="69"/>
            <line number="138" hits="69"/>
            <line number="144" hits="69"/>
          </lines>
        </class>
      </classes>
    </package>
  </packages>
</coverage>
